2018-08-19 16:37:17.206 [main] INFO  com.bob.demo.myo2o.dao.AreaTest - Starting AreaTest on DESKTOP-6V9R83N with PID 16372 (started by DELL in E:\eclipse-javaee\myo2o)
2018-08-19 16:37:17.209 [main] INFO  com.bob.demo.myo2o.dao.AreaTest - No active profile set, falling back to default profiles: default
2018-08-19 16:38:58.585 [main] INFO  com.bob.demo.myo2o.dao.AreaTest - Starting AreaTest on DESKTOP-6V9R83N with PID 25500 (started by DELL in E:\eclipse-javaee\myo2o)
2018-08-19 16:38:58.589 [main] INFO  com.bob.demo.myo2o.dao.AreaTest - No active profile set, falling back to default profiles: default
2018-08-19 16:39:03.978 [main] INFO  com.bob.demo.myo2o.dao.AreaTest - Started AreaTest in 5.71 seconds (JVM running for 7.019)
2018-08-19 16:40:58.978 [main] INFO  com.bob.demo.myo2o.dao.AreaTest - Starting AreaTest on DESKTOP-6V9R83N with PID 18904 (started by DELL in E:\eclipse-javaee\myo2o)
2018-08-19 16:40:58.981 [main] INFO  com.bob.demo.myo2o.dao.AreaTest - No active profile set, falling back to default profiles: default
2018-08-19 16:41:03.560 [main] INFO  com.bob.demo.myo2o.dao.AreaTest - Started AreaTest in 4.883 seconds (JVM running for 6.215)
2018-08-19 16:42:17.055 [main] INFO  com.bob.demo.myo2o.dao.AreaTest - Starting AreaTest on DESKTOP-6V9R83N with PID 24208 (started by DELL in E:\eclipse-javaee\myo2o)
2018-08-19 16:42:17.059 [main] INFO  com.bob.demo.myo2o.dao.AreaTest - No active profile set, falling back to default profiles: default
2018-08-19 16:42:21.483 [main] INFO  com.bob.demo.myo2o.dao.AreaTest - Started AreaTest in 4.706 seconds (JVM running for 6.118)
2018-08-19 16:42:59.771 [main] INFO  com.bob.demo.myo2o.dao.AreaTest - Starting AreaTest on DESKTOP-6V9R83N with PID 19568 (started by DELL in E:\eclipse-javaee\myo2o)
2018-08-19 16:42:59.775 [main] INFO  com.bob.demo.myo2o.dao.AreaTest - No active profile set, falling back to default profiles: default
2018-08-19 16:43:04.246 [main] INFO  com.bob.demo.myo2o.dao.AreaTest - Started AreaTest in 4.808 seconds (JVM running for 6.115)
2018-08-19 16:46:04.357 [main] INFO  com.bob.demo.myo2o.dao.AreaTest - Starting AreaTest on DESKTOP-6V9R83N with PID 25400 (started by DELL in E:\eclipse-javaee\myo2o)
2018-08-19 16:46:04.366 [main] INFO  com.bob.demo.myo2o.dao.AreaTest - No active profile set, falling back to default profiles: default
2018-08-19 16:46:08.831 [main] INFO  com.bob.demo.myo2o.dao.AreaTest - Started AreaTest in 4.774 seconds (JVM running for 6.097)
2018-08-19 16:47:12.187 [main] INFO  com.bob.demo.myo2o.dao.AreaTest - Starting AreaTest on DESKTOP-6V9R83N with PID 5208 (started by DELL in E:\eclipse-javaee\myo2o)
2018-08-19 16:47:12.191 [main] INFO  com.bob.demo.myo2o.dao.AreaTest - No active profile set, falling back to default profiles: default
2018-08-19 16:47:17.460 [main] INFO  com.bob.demo.myo2o.dao.AreaTest - Started AreaTest in 5.588 seconds (JVM running for 6.943)
2018-08-19 17:07:00.526 [main] INFO  com.bob.demo.myo2o.dao.AreaTest - Starting AreaTest on DESKTOP-6V9R83N with PID 23168 (started by DELL in E:\eclipse-javaee\myo2o)
2018-08-19 17:07:00.532 [main] INFO  com.bob.demo.myo2o.dao.AreaTest - No active profile set, falling back to default profiles: default
2018-08-19 17:07:06.348 [main] INFO  com.bob.demo.myo2o.dao.AreaTest - Started AreaTest in 6.195 seconds (JVM running for 7.617)
2018-08-19 17:07:35.227 [main] INFO  com.bob.demo.myo2o.dao.AreaTest - Starting AreaTest on DESKTOP-6V9R83N with PID 25116 (started by DELL in E:\eclipse-javaee\myo2o)
2018-08-19 17:07:35.232 [main] INFO  com.bob.demo.myo2o.dao.AreaTest - No active profile set, falling back to default profiles: default
2018-08-19 17:07:41.615 [main] INFO  com.bob.demo.myo2o.dao.AreaTest - Started AreaTest in 6.76 seconds (JVM running for 8.271)
2018-08-19 17:12:10.950 [main] INFO  com.bob.demo.myo2o.dao.AreaTest - Starting AreaTest on DESKTOP-6V9R83N with PID 24888 (started by DELL in E:\eclipse-javaee\myo2o)
2018-08-19 17:12:10.956 [main] INFO  com.bob.demo.myo2o.dao.AreaTest - No active profile set, falling back to default profiles: default
2018-08-19 17:12:16.712 [main] INFO  com.bob.demo.myo2o.dao.AreaTest - Started AreaTest in 6.093 seconds (JVM running for 7.609)
2018-08-19 17:12:34.498 [main] INFO  com.bob.demo.myo2o.dao.AreaTest - Starting AreaTest on DESKTOP-6V9R83N with PID 4356 (started by DELL in E:\eclipse-javaee\myo2o)
2018-08-19 17:12:34.502 [main] INFO  com.bob.demo.myo2o.dao.AreaTest - No active profile set, falling back to default profiles: default
2018-08-19 17:12:40.388 [main] INFO  com.bob.demo.myo2o.dao.AreaTest - Started AreaTest in 6.315 seconds (JVM running for 8.008)
2018-08-19 17:22:36.087 [main] INFO  com.bob.demo.myo2o.service.AreaServiceTest - Starting AreaServiceTest on DESKTOP-6V9R83N with PID 21528 (started by DELL in E:\eclipse-javaee\myo2o)
2018-08-19 17:22:36.093 [main] INFO  com.bob.demo.myo2o.service.AreaServiceTest - No active profile set, falling back to default profiles: default
2018-08-19 17:22:40.835 [main] INFO  com.bob.demo.myo2o.service.AreaServiceTest - Started AreaServiceTest in 5.06 seconds (JVM running for 6.363)
2018-08-19 17:30:07.792 [restartedMain] INFO  com.bob.demo.myo2o.Myo2oApplication - Starting Myo2oApplication on DESKTOP-6V9R83N with PID 10996 (E:\eclipse-javaee\myo2o\target\classes started by DELL in E:\eclipse-javaee\myo2o)
2018-08-19 17:30:07.799 [restartedMain] INFO  com.bob.demo.myo2o.Myo2oApplication - No active profile set, falling back to default profiles: default
2018-08-19 17:30:17.568 [restartedMain] INFO  com.bob.demo.myo2o.Myo2oApplication - Started Myo2oApplication in 10.367 seconds (JVM running for 11.327)
2018-08-19 17:34:12.431 [main] INFO  com.bob.demo.myo2o.dao.AreaTest - Starting AreaTest on DESKTOP-6V9R83N with PID 500 (started by DELL in E:\eclipse-javaee\myo2o)
2018-08-19 17:34:12.434 [main] INFO  com.bob.demo.myo2o.dao.AreaTest - No active profile set, falling back to default profiles: default
2018-08-19 17:34:18.857 [main] INFO  com.bob.demo.myo2o.dao.AreaTest - Started AreaTest in 6.841 seconds (JVM running for 8.377)
2018-08-19 19:47:30.218 [main] INFO  com.bob.demo.myo2o.dao.ShopCategoryDaoTest - Starting ShopCategoryDaoTest on DESKTOP-6V9R83N with PID 25156 (started by DELL in E:\eclipse-javaee\myo2o)
2018-08-19 19:47:30.225 [main] INFO  com.bob.demo.myo2o.dao.ShopCategoryDaoTest - No active profile set, falling back to default profiles: default
2018-08-19 19:47:35.897 [main] INFO  com.bob.demo.myo2o.dao.ShopCategoryDaoTest - Started ShopCategoryDaoTest in 5.973 seconds (JVM running for 7.362)
2018-08-19 19:49:55.056 [main] INFO  com.bob.demo.myo2o.dao.ShopCategoryDaoTest - Starting ShopCategoryDaoTest on DESKTOP-6V9R83N with PID 15796 (started by DELL in E:\eclipse-javaee\myo2o)
2018-08-19 19:49:55.060 [main] INFO  com.bob.demo.myo2o.dao.ShopCategoryDaoTest - No active profile set, falling back to default profiles: default
2018-08-19 19:50:00.354 [main] INFO  com.bob.demo.myo2o.dao.ShopCategoryDaoTest - Started ShopCategoryDaoTest in 5.676 seconds (JVM running for 7.144)
2018-08-19 19:52:07.024 [main] INFO  com.bob.demo.myo2o.dao.ShopCategoryDaoTest - Starting ShopCategoryDaoTest on DESKTOP-6V9R83N with PID 17580 (started by DELL in E:\eclipse-javaee\myo2o)
2018-08-19 19:52:07.028 [main] INFO  com.bob.demo.myo2o.dao.ShopCategoryDaoTest - No active profile set, falling back to default profiles: default
2018-08-19 19:52:12.306 [main] INFO  com.bob.demo.myo2o.dao.ShopCategoryDaoTest - Started ShopCategoryDaoTest in 5.629 seconds (JVM running for 7.035)
2018-08-19 19:53:01.928 [main] INFO  com.bob.demo.myo2o.dao.ShopCategoryDaoTest - Starting ShopCategoryDaoTest on DESKTOP-6V9R83N with PID 4704 (started by DELL in E:\eclipse-javaee\myo2o)
2018-08-19 19:53:01.931 [main] INFO  com.bob.demo.myo2o.dao.ShopCategoryDaoTest - No active profile set, falling back to default profiles: default
2018-08-19 19:53:07.050 [main] INFO  com.bob.demo.myo2o.dao.ShopCategoryDaoTest - Started ShopCategoryDaoTest in 5.455 seconds (JVM running for 6.822)
2018-08-19 20:33:28.620 [main] INFO  com.bob.demo.myo2o.dao.ShopCategoryDaoTest - Starting ShopCategoryDaoTest on DESKTOP-6V9R83N with PID 25236 (started by DELL in E:\eclipse-javaee\myo2o)
2018-08-19 20:33:28.627 [main] INFO  com.bob.demo.myo2o.dao.ShopCategoryDaoTest - No active profile set, falling back to default profiles: default
2018-08-19 20:33:34.479 [main] INFO  com.bob.demo.myo2o.dao.ShopCategoryDaoTest - Started ShopCategoryDaoTest in 6.194 seconds (JVM running for 7.552)
2018-08-19 20:34:38.492 [main] INFO  com.bob.demo.myo2o.dao.ShopCategoryDaoTest - Starting ShopCategoryDaoTest on DESKTOP-6V9R83N with PID 10340 (started by DELL in E:\eclipse-javaee\myo2o)
2018-08-19 20:34:38.495 [main] INFO  com.bob.demo.myo2o.dao.ShopCategoryDaoTest - No active profile set, falling back to default profiles: default
2018-08-19 20:34:43.647 [main] INFO  com.bob.demo.myo2o.dao.ShopCategoryDaoTest - Started ShopCategoryDaoTest in 5.489 seconds (JVM running for 6.905)
2018-08-19 20:36:16.558 [main] INFO  com.bob.demo.myo2o.dao.ShopCategoryDaoTest - Starting ShopCategoryDaoTest on DESKTOP-6V9R83N with PID 15908 (started by DELL in E:\eclipse-javaee\myo2o)
2018-08-19 20:36:16.562 [main] INFO  com.bob.demo.myo2o.dao.ShopCategoryDaoTest - No active profile set, falling back to default profiles: default
2018-08-19 20:36:22.192 [main] INFO  com.bob.demo.myo2o.dao.ShopCategoryDaoTest - Started ShopCategoryDaoTest in 5.983 seconds (JVM running for 7.38)
2018-08-19 20:38:55.281 [main] INFO  com.bob.demo.myo2o.dao.ShopCategoryDaoTest - Starting ShopCategoryDaoTest on DESKTOP-6V9R83N with PID 18424 (started by DELL in E:\eclipse-javaee\myo2o)
2018-08-19 20:38:55.284 [main] INFO  com.bob.demo.myo2o.dao.ShopCategoryDaoTest - No active profile set, falling back to default profiles: default
2018-08-19 20:39:01.209 [main] INFO  com.bob.demo.myo2o.dao.ShopCategoryDaoTest - Started ShopCategoryDaoTest in 6.292 seconds (JVM running for 7.776)
2018-08-19 20:41:21.857 [main] INFO  com.bob.demo.myo2o.dao.ShopCategoryDaoTest - Starting ShopCategoryDaoTest on DESKTOP-6V9R83N with PID 25304 (started by DELL in E:\eclipse-javaee\myo2o)
2018-08-19 20:41:21.862 [main] INFO  com.bob.demo.myo2o.dao.ShopCategoryDaoTest - No active profile set, falling back to default profiles: default
2018-08-19 20:41:27.915 [main] INFO  com.bob.demo.myo2o.dao.ShopCategoryDaoTest - Started ShopCategoryDaoTest in 6.419 seconds (JVM running for 7.817)
2018-08-19 20:41:44.403 [main] INFO  com.bob.demo.myo2o.dao.ShopCategoryDaoTest - Starting ShopCategoryDaoTest on DESKTOP-6V9R83N with PID 24696 (started by DELL in E:\eclipse-javaee\myo2o)
2018-08-19 20:41:44.406 [main] INFO  com.bob.demo.myo2o.dao.ShopCategoryDaoTest - No active profile set, falling back to default profiles: default
2018-08-19 20:41:49.975 [main] INFO  com.bob.demo.myo2o.dao.ShopCategoryDaoTest - Started ShopCategoryDaoTest in 5.908 seconds (JVM running for 7.305)
2018-08-19 20:42:38.806 [main] INFO  com.bob.demo.myo2o.dao.ShopCategoryDaoTest - Starting ShopCategoryDaoTest on DESKTOP-6V9R83N with PID 14028 (started by DELL in E:\eclipse-javaee\myo2o)
2018-08-19 20:42:38.809 [main] INFO  com.bob.demo.myo2o.dao.ShopCategoryDaoTest - No active profile set, falling back to default profiles: default
2018-08-19 20:42:44.216 [main] INFO  com.bob.demo.myo2o.dao.ShopCategoryDaoTest - Started ShopCategoryDaoTest in 5.735 seconds (JVM running for 7.136)
2018-08-19 20:45:38.035 [main] INFO  com.bob.demo.myo2o.dao.ShopCategoryDaoTest - Starting ShopCategoryDaoTest on DESKTOP-6V9R83N with PID 20128 (started by DELL in E:\eclipse-javaee\myo2o)
2018-08-19 20:45:38.038 [main] INFO  com.bob.demo.myo2o.dao.ShopCategoryDaoTest - No active profile set, falling back to default profiles: default
2018-08-19 20:45:43.411 [main] INFO  com.bob.demo.myo2o.dao.ShopCategoryDaoTest - Started ShopCategoryDaoTest in 5.71 seconds (JVM running for 7.123)
2018-08-19 20:49:06.399 [main] INFO  com.bob.demo.myo2o.dao.ShopCategoryDaoTest - Starting ShopCategoryDaoTest on DESKTOP-6V9R83N with PID 6712 (started by DELL in E:\eclipse-javaee\myo2o)
2018-08-19 20:49:06.403 [main] INFO  com.bob.demo.myo2o.dao.ShopCategoryDaoTest - No active profile set, falling back to default profiles: default
2018-08-19 20:49:11.684 [main] INFO  com.bob.demo.myo2o.dao.ShopCategoryDaoTest - Started ShopCategoryDaoTest in 5.663 seconds (JVM running for 7.119)
2018-08-19 20:49:32.301 [main] INFO  com.bob.demo.myo2o.dao.ShopCategoryDaoTest - Starting ShopCategoryDaoTest on DESKTOP-6V9R83N with PID 22652 (started by DELL in E:\eclipse-javaee\myo2o)
2018-08-19 20:49:32.305 [main] INFO  com.bob.demo.myo2o.dao.ShopCategoryDaoTest - No active profile set, falling back to default profiles: default
2018-08-19 20:49:38.184 [main] INFO  com.bob.demo.myo2o.dao.ShopCategoryDaoTest - Started ShopCategoryDaoTest in 6.286 seconds (JVM running for 7.7)
2018-08-19 20:51:30.841 [main] INFO  com.bob.demo.myo2o.dao.ShopCategoryDaoTest - Starting ShopCategoryDaoTest on DESKTOP-6V9R83N with PID 16212 (started by DELL in E:\eclipse-javaee\myo2o)
2018-08-19 20:51:30.844 [main] INFO  com.bob.demo.myo2o.dao.ShopCategoryDaoTest - No active profile set, falling back to default profiles: default
2018-08-19 20:51:35.960 [main] INFO  com.bob.demo.myo2o.dao.ShopCategoryDaoTest - Started ShopCategoryDaoTest in 5.498 seconds (JVM running for 7.021)
2018-08-19 22:12:07.978 [main] INFO  com.bob.demo.myo2o.dao.PersonInfoDaoTest - Starting PersonInfoDaoTest on DESKTOP-6V9R83N with PID 22712 (started by DELL in E:\eclipse-javaee\myo2o)
2018-08-19 22:12:07.981 [main] INFO  com.bob.demo.myo2o.dao.PersonInfoDaoTest - No active profile set, falling back to default profiles: default
2018-08-19 22:12:13.145 [main] INFO  com.bob.demo.myo2o.dao.PersonInfoDaoTest - Started PersonInfoDaoTest in 5.475 seconds (JVM running for 6.895)
2018-08-19 22:17:01.832 [main] INFO  com.bob.demo.myo2o.dao.PersonInfoDaoTest - Starting PersonInfoDaoTest on DESKTOP-6V9R83N with PID 17988 (started by DELL in E:\eclipse-javaee\myo2o)
2018-08-19 22:17:01.837 [main] INFO  com.bob.demo.myo2o.dao.PersonInfoDaoTest - No active profile set, falling back to default profiles: default
2018-08-19 22:17:07.802 [main] INFO  com.bob.demo.myo2o.dao.PersonInfoDaoTest - Started PersonInfoDaoTest in 6.348 seconds (JVM running for 7.861)
2018-08-19 22:17:37.981 [main] INFO  com.bob.demo.myo2o.dao.PersonInfoDaoTest - Starting PersonInfoDaoTest on DESKTOP-6V9R83N with PID 23704 (started by DELL in E:\eclipse-javaee\myo2o)
2018-08-19 22:17:37.987 [main] INFO  com.bob.demo.myo2o.dao.PersonInfoDaoTest - No active profile set, falling back to default profiles: default
2018-08-19 22:17:43.799 [main] INFO  com.bob.demo.myo2o.dao.PersonInfoDaoTest - Started PersonInfoDaoTest in 6.163 seconds (JVM running for 7.71)
2018-08-19 22:49:39.616 [main] INFO  com.bob.demo.myo2o.dao.ShopDaoTest - Starting ShopDaoTest on DESKTOP-6V9R83N with PID 16232 (started by DELL in E:\eclipse-javaee\myo2o)
2018-08-19 22:49:39.629 [main] INFO  com.bob.demo.myo2o.dao.ShopDaoTest - No active profile set, falling back to default profiles: default
2018-08-19 22:49:45.120 [main] INFO  com.bob.demo.myo2o.dao.ShopDaoTest - Started ShopDaoTest in 5.842 seconds (JVM running for 7.335)
2018-08-19 22:50:45.683 [main] INFO  com.bob.demo.myo2o.dao.ShopDaoTest - Starting ShopDaoTest on DESKTOP-6V9R83N with PID 13012 (started by DELL in E:\eclipse-javaee\myo2o)
2018-08-19 22:50:45.686 [main] INFO  com.bob.demo.myo2o.dao.ShopDaoTest - No active profile set, falling back to default profiles: default
2018-08-19 22:50:50.810 [main] INFO  com.bob.demo.myo2o.dao.ShopDaoTest - Started ShopDaoTest in 5.43 seconds (JVM running for 6.853)
2018-08-19 22:51:30.743 [main] INFO  com.bob.demo.myo2o.dao.ShopDaoTest - Starting ShopDaoTest on DESKTOP-6V9R83N with PID 23180 (started by DELL in E:\eclipse-javaee\myo2o)
2018-08-19 22:51:30.750 [main] INFO  com.bob.demo.myo2o.dao.ShopDaoTest - No active profile set, falling back to default profiles: default
2018-08-19 22:51:35.935 [main] INFO  com.bob.demo.myo2o.dao.ShopDaoTest - Started ShopDaoTest in 5.507 seconds (JVM running for 6.939)
2018-08-19 22:55:17.756 [main] INFO  com.bob.demo.myo2o.dao.ShopDaoTest - Starting ShopDaoTest on DESKTOP-6V9R83N with PID 21916 (started by DELL in E:\eclipse-javaee\myo2o)
2018-08-19 22:55:17.762 [main] INFO  com.bob.demo.myo2o.dao.ShopDaoTest - No active profile set, falling back to default profiles: default
2018-08-19 22:55:22.992 [main] INFO  com.bob.demo.myo2o.dao.ShopDaoTest - Started ShopDaoTest in 5.654 seconds (JVM running for 7.033)
2018-08-19 23:21:31.076 [main] INFO  com.bob.demo.myo2o.dao.ShopDaoTest - Starting ShopDaoTest on DESKTOP-6V9R83N with PID 22116 (started by DELL in E:\eclipse-javaee\myo2o)
2018-08-19 23:21:31.085 [main] INFO  com.bob.demo.myo2o.dao.ShopDaoTest - No active profile set, falling back to default profiles: default
2018-08-19 23:21:36.522 [main] INFO  com.bob.demo.myo2o.dao.ShopDaoTest - Started ShopDaoTest in 5.794 seconds (JVM running for 7.346)
2018-08-19 23:27:13.867 [main] INFO  com.bob.demo.myo2o.dao.ShopDaoTest - Starting ShopDaoTest on DESKTOP-6V9R83N with PID 22468 (started by DELL in E:\eclipse-javaee\myo2o)
2018-08-19 23:27:13.870 [main] INFO  com.bob.demo.myo2o.dao.ShopDaoTest - No active profile set, falling back to default profiles: default
2018-08-19 23:27:18.783 [main] INFO  com.bob.demo.myo2o.dao.ShopDaoTest - Started ShopDaoTest in 5.206 seconds (JVM running for 6.561)
